\BOOKMARK [0][-]{chapter*.2}{Introduction}{}% 1
\BOOKMARK [0][-]{chapter.1}{An\341lisis Exploratorio}{}% 2
\BOOKMARK [1][-]{section.1.1}{Introducci\363n a las series}{chapter.1}% 3
\BOOKMARK [2][-]{subsection.1.1.1}{Producto Interno Bruto}{section.1.1}% 4
\BOOKMARK [2][-]{subsection.1.1.2}{Recaudaci\363n Gubernamental}{section.1.1}% 5
\BOOKMARK [2][-]{subsection.1.1.3}{Gasto en Salud}{section.1.1}% 6
\BOOKMARK [2][-]{subsection.1.1.4}{Educaci\363n P\372blica}{section.1.1}% 7
\BOOKMARK [2][-]{subsection.1.1.5}{Desempleo}{section.1.1}% 8
\BOOKMARK [0][-]{chapter.2}{Pruebas de Ra\355ces Unitarias}{}% 9
\BOOKMARK [1][-]{section.2.1}{Series de Tiempo}{chapter.2}% 10
\BOOKMARK [1][-]{section.2.2}{Ra\355z Unitaria: Pruebas}{chapter.2}% 11
\BOOKMARK [0][-]{chapter.3}{Cointegraci\363n y Modelos VEC}{}% 12
\BOOKMARK [1][-]{section.3.1}{El concepto de cointegraci\363n: Caso 2 Series.}{chapter.3}% 13
\BOOKMARK [2][-]{subsection.3.1.1}{Prueba de Cointegraci\363n}{section.3.1}% 14
\BOOKMARK [2][-]{subsection.3.1.2}{Modelo de Correcci\363n de Errores}{section.3.1}% 15
\BOOKMARK [1][-]{section.3.2}{El concepto de cointegraci\363n: Caso 2+ series \(VEC\)}{chapter.3}% 16
\BOOKMARK [2][-]{subsection.3.2.1}{Inferencia Sobre los Coeficientes}{section.3.2}% 17
\BOOKMARK [2][-]{subsection.3.2.2}{Estimaci\363n}{section.3.2}% 18
\BOOKMARK [2][-]{subsection.3.2.3}{Contrastes sobre el rango de cointegraci\363n}{section.3.2}% 19
\BOOKMARK [0][-]{chapter.4}{Aplicaci\363n}{}% 20
\BOOKMARK [1][-]{section.4.1}{Rango de Cointegraci\363n}{chapter.4}% 21
\BOOKMARK [1][-]{section.4.2}{Estimaci\363n del Modelo}{chapter.4}% 22
\BOOKMARK [0][-]{chapter*.27}{Conclusiones}{}% 23
\BOOKMARK [0][-]{appendix.Alph1}{C\363digo}{}% 24
\BOOKMARK [0][-]{appendix.Alph2}{Extracci\363n de las Series}{}% 25
